Autor: Guillermo Fernandez Romero
Fecha: 3-Mayo-2023 15:09
a =  258 = 258
a =  )
 = 2
a =  8 = 10
a =  10 = 100
a =  100 = 1
i =  1 = 1
for de: i
 <=
 ;
j =  250 = 250
for de: j
 <
 250 ;
 +If: 
 %
 2 % 0 <
 250 ;
 +If: 
 %
 2 % 0 <=
 ;
j =  250 = 250
for de: j
 <
 250 ;
 +If: 
 %
 2 % 0 <
 250 ;
 +If: 
 %
 2 % 0 <
 250 ;
 +If: 
 %
 2 % 0 <=
 ;
j =  250 = 250
for de: j
 <
 250 ;
 +If: 
 %
 2 % 0 <
 250 ;
 +If: 
 %
 2 % 0 <
 250 ;
 +If: 
 %
 2 % 0 <
 250 ;
 +If: 
 %
 2 % 0 <=
 ;
j =  250 = 250
for de: j
 <
 250 ;
 +If: 
 %
 2 % 0i =  1 = 1
While de: while
 <=
 )
j =  250 = 250
While de: while
 <
 250 )
 +If: 
 %
 2 % 0j =  = 251
 <
 250 )
 +If: 
 %
 2 % 0j =  = 252
i =  = 2
 <=
 )
j =  250 = 250
While de: while
 <
 250 )
 +If: 
 %
 2 % 0j =  = 251
 <
 250 )
 +If: 
 %
 2 % 0j =  = 252
 <
 250 )
 +If: 
 %
 2 % 0j =  = 253
i =  = 3
 <=
 )
j =  250 = 250
While de: while
 <
 250 )
 +If: 
 %
 2 % 0j =  = 251
 <
 250 )
 +If: 
 %
 2 % 0j =  = 252
 <
 250 )
 +If: 
 %
 2 % 0j =  = 253
 <
 250 )
 +If: 
 %
 2 % 0j =  = 254
i =  = 4
 <=
 )
j =  250 = 250
While de: while
 <
 250 )
 +If: 
 %
 2 % 0j =  = 254
i =  = 5
i =  1 = 1
Do While: 
Do While de: {
j =  250 = 250
Do While: 
Do While de: {
If: 
 %
 2 % 0j =  = 251
 <
 250 )
 +i =  = 2
 <=
 )
j =  250 = 250
Do While: 
Do While de: {
If: 
 %
 2 % 0j =  = 251
 <
 250 )
 +If: 
 %
 2 % 0j =  = 252
 <
 250 )
 +i =  = 3
 <=
 )
j =  250 = 250
Do While: 
Do While de: {
If: 
 %
 2 % 0j =  = 251
 <
 250 )
 +If: 
 %
 2 % 0j =  = 252
 <
 250 )
 +If: 
 %
 2 % 0j =  = 253
 <
 250 )
 +i =  = 4
 <=
 )
-----------------
V a r i a b l e s
-----------------
altura Float = 3
i Float = 4
j Float = 253
k Float = 0
a Int = 1
b Int = 0
-----------------
